<?xml version="1.0" encoding="UTF-8" standalone="yes"?><!DOCTYPE report PUBLIC "-//JACOCO//DTD Report 1.0//EN" "report.dtd"><report name="d2pSpotify-DeletePlayList"><sessioninfo id="RebecaMolina-2b375584" start="1513853546743" dump="1513853547011"/><sessioninfo id="RebecaMolina-2421eeb8" start="1513853812141" dump="1513853812419"/><sessioninfo id="RebecaMolina-878c05b7" start="1513856804986" dump="1513856805283"/><sessioninfo id="RebecaMolina-2f6dc05d" start="1513857361757" dump="1513857362029"/><sessioninfo id="RebecaMolina-d8c02c3a" start="1513858488384" dump="1513858488667"/><sessioninfo id="RebecaMolina-892dcba9" start="1513860877143" dump="1513860877416"/><sessioninfo id="RebecaMolina-f378be75" start="1513861401341" dump="1513861401605"/><sessioninfo id="RebecaMolina-245219ff" start="1513861655283" dump="1513861655546"/><sessioninfo id="RebecaMolina-e07e2a1e" start="1513862276869" dump="1513862277139"/><sessioninfo id="RebecaMolina-2e83a1a3" start="1513870681052" dump="1513870681316"/><sessioninfo id="RebecaMolina-a0c135e8" start="1513871166016" dump="1513871166284"/><sessioninfo id="RebecaMolina-abd5ccf9" start="1513871948864" dump="1513871949135"/><sessioninfo id="RebecaMolina-2d0de65" start="1513872768995" dump="1513872769278"/><sessioninfo id="RebecaMolina-a27fc1ce" start="1513875252516" dump="1513875252792"/><sessioninfo id="RebecaMolina-26783f9d" start="1513875976076" dump="1513875976375"/><sessioninfo id="RebecaMolina-91d92946" start="1513876414734" dump="1513876415003"/><sessioninfo id="RebecaMolina-7d3e4c65" start="1513878306808" dump="1513878307107"/><sessioninfo id="RebecaMolina-c9b15d5b" start="1513879660783" dump="1513879661067"/><sessioninfo id="RebecaMolina-7bcdecfb" start="1513880200101" dump="1513880200377"/><sessioninfo id="RebecaMolina-6cf2411" start="1513880945407" dump="1513880945701"/><sessioninfo id="RebecaMolina-b2ed599a" start="1513881859890" dump="1513881860151"/><sessioninfo id="RebecaMolina-de361442" start="1513883058886" dump="1513883059216"/><package name="com/drones2people/spotify/DeletePlayList"><class name="com/drones2people/spotify/DeletePlayList/DeletePlayList"><method name="&lt;init&gt;" desc="()V" line="11"><counter type="INSTRUCTION" missed="3" covered="0"/><counter type="LINE" missed="1" covered="0"/><counter type="COMPLEXITY" missed="1" covered="0"/><counter type="METHOD" missed="1" covered="0"/></method><method name="DeletePlayList" desc="(Ljava/lang/String;)V" line="14"><counter type="INSTRUCTION" missed="26" covered="0"/><counter type="LINE" missed="8" covered="0"/><counter type="COMPLEXITY" missed="1" covered="0"/><counter type="METHOD" missed="1" covered="0"/></method><counter type="INSTRUCTION" missed="29" covered="0"/><counter type="LINE" missed="9" covered="0"/><counter type="COMPLEXITY" missed="2" covered="0"/><counter type="METHOD" missed="2" covered="0"/><counter type="CLASS" missed="1" covered="0"/></class><sourcefile name="DeletePlayList.java"><line nr="11" mi="3" ci="0" mb="0" cb="0"/><line nr="14" mi="2" ci="0" mb="0" cb="0"/><line nr="15" mi="11" ci="0" mb="0" cb="0"/><line nr="17" mi="5" ci="0" mb="0" cb="0"/><line nr="18" mi="3" ci="0" mb="0" cb="0"/><line nr="19" mi="1" ci="0" mb="0" cb="0"/><line nr="20" mi="2" ci="0" mb="0" cb="0"/><line nr="21" mi="1" ci="0" mb="0" cb="0"/><line nr="23" mi="1" ci="0" mb="0" cb="0"/><counter type="INSTRUCTION" missed="29" covered="0"/><counter type="LINE" missed="9" covered="0"/><counter type="COMPLEXITY" missed="2" covered="0"/><counter type="METHOD" missed="2" covered="0"/><counter type="CLASS" missed="1" covered="0"/></sourcefile><counter type="INSTRUCTION" missed="29" covered="0"/><counter type="LINE" missed="9" covered="0"/><counter type="COMPLEXITY" missed="2" covered="0"/><counter type="METHOD" missed="2" covered="0"/><counter type="CLASS" missed="1" covered="0"/></package><counter type="INSTRUCTION" missed="29" covered="0"/><counter type="LINE" missed="9" covered="0"/><counter type="COMPLEXITY" missed="2" covered="0"/><counter type="METHOD" missed="2" covered="0"/><counter type="CLASS" missed="1" covered="0"/></report>