<?xml version="1.0" encoding="UTF-8" standalone="yes"?><!DOCTYPE report PUBLIC "-//JACOCO//DTD Report 1.0//EN" "report.dtd"><report name="d2pSpotify-DescargarAlbum"><sessioninfo id="RebecaMolina-17e3f521" start="1513853550640" dump="1513853550872"/><sessioninfo id="RebecaMolina-44dd4541" start="1513853862673" dump="1513853862940"/><sessioninfo id="RebecaMolina-6831bee3" start="1513856852939" dump="1513856853223"/><sessioninfo id="RebecaMolina-5d21880c" start="1513857409387" dump="1513857409676"/><sessioninfo id="RebecaMolina-3880882a" start="1513858536464" dump="1513858536732"/><sessioninfo id="RebecaMolina-6a3c3990" start="1513860927497" dump="1513860927769"/><sessioninfo id="RebecaMolina-9503499d" start="1513861449736" dump="1513861450004"/><sessioninfo id="RebecaMolina-e0815bfa" start="1513861701874" dump="1513861702141"/><sessioninfo id="RebecaMolina-78e0ecc3" start="1513862324975" dump="1513862325248"/><sessioninfo id="RebecaMolina-d9c667d0" start="1513870730554" dump="1513870730836"/><sessioninfo id="RebecaMolina-51d22b75" start="1513871214916" dump="1513871215185"/><sessioninfo id="RebecaMolina-1a960a20" start="1513872001511" dump="1513872001780"/><sessioninfo id="RebecaMolina-48e40869" start="1513872818000" dump="1513872818269"/><sessioninfo id="RebecaMolina-aa711cab" start="1513875304430" dump="1513875304723"/><sessioninfo id="RebecaMolina-4874feaf" start="1513876023287" dump="1513876023549"/><sessioninfo id="RebecaMolina-ee593a7b" start="1513876463041" dump="1513876463317"/><sessioninfo id="RebecaMolina-d71a1f50" start="1513878354694" dump="1513878354957"/><sessioninfo id="RebecaMolina-da7b0a55" start="1513879709484" dump="1513879709789"/><sessioninfo id="RebecaMolina-392eb3fa" start="1513880249061" dump="1513880249359"/><sessioninfo id="RebecaMolina-99f2a9c0" start="1513880993703" dump="1513880993968"/><sessioninfo id="RebecaMolina-e6cc3018" start="1513881911260" dump="1513881911539"/><sessioninfo id="RebecaMolina-54f9d5f2" start="1513883108611" dump="1513883108891"/><package name="com/drones2people/spotify/DescargarAlbum"><class name="com/drones2people/spotify/DescargarAlbum/DescargarAlbum"><method name="&lt;init&gt;" desc="()V" line="10"><counter type="INSTRUCTION" missed="3" covered="0"/><counter type="LINE" missed="1" covered="0"/><counter type="COMPLEXITY" missed="1" covered="0"/><counter type="METHOD" missed="1" covered="0"/></method><method name="descargarAlbum" desc="(I)Z" line="14"><counter type="INSTRUCTION" missed="27" covered="0"/><counter type="BRANCH" missed="2" covered="0"/><counter type="LINE" missed="12" covered="0"/><counter type="COMPLEXITY" missed="2" covered="0"/><counter type="METHOD" missed="1" covered="0"/></method><counter type="INSTRUCTION" missed="30" covered="0"/><counter type="BRANCH" missed="2" covered="0"/><counter type="LINE" missed="13" covered="0"/><counter type="COMPLEXITY" missed="3" covered="0"/><counter type="METHOD" missed="2" covered="0"/><counter type="CLASS" missed="1" covered="0"/></class><sourcefile name="DescargarAlbum.java"><line nr="10" mi="3" ci="0" mb="0" cb="0"/><line nr="14" mi="2" ci="0" mb="0" cb="0"/><line nr="15" mi="2" ci="0" mb="0" cb="0"/><line nr="16" mi="2" ci="0" mb="0" cb="0"/><line nr="18" mi="6" ci="0" mb="0" cb="0"/><line nr="19" mi="3" ci="0" mb="2" cb="0"/><line nr="20" mi="2" ci="0" mb="0" cb="0"/><line nr="22" mi="2" ci="0" mb="0" cb="0"/><line nr="23" mi="1" ci="0" mb="0" cb="0"/><line nr="24" mi="2" ci="0" mb="0" cb="0"/><line nr="25" mi="2" ci="0" mb="0" cb="0"/><line nr="26" mi="1" ci="0" mb="0" cb="0"/><line nr="27" mi="2" ci="0" mb="0" cb="0"/><counter type="INSTRUCTION" missed="30" covered="0"/><counter type="BRANCH" missed="2" covered="0"/><counter type="LINE" missed="13" covered="0"/><counter type="COMPLEXITY" missed="3" covered="0"/><counter type="METHOD" missed="2" covered="0"/><counter type="CLASS" missed="1" covered="0"/></sourcefile><counter type="INSTRUCTION" missed="30" covered="0"/><counter type="BRANCH" missed="2" covered="0"/><counter type="LINE" missed="13" covered="0"/><counter type="COMPLEXITY" missed="3" covered="0"/><counter type="METHOD" missed="2" covered="0"/><counter type="CLASS" missed="1" covered="0"/></package><counter type="INSTRUCTION" missed="30" covered="0"/><counter type="BRANCH" missed="2" covered="0"/><counter type="LINE" missed="13" covered="0"/><counter type="COMPLEXITY" missed="3" covered="0"/><counter type="METHOD" missed="2" covered="0"/><counter type="CLASS" missed="1" covered="0"/></report>