<?xml version="1.0" encoding="UTF-8" standalone="yes"?><!DOCTYPE report PUBLIC "-//JACOCO//DTD Report 1.0//EN" "report.dtd"><report name="d2pSpotify-BuySong"><sessioninfo id="RebecaMolina-f42feb0f" start="1513853543439" dump="1513853543747"/><sessioninfo id="RebecaMolina-2ee425e3" start="1513853769963" dump="1513853770414"/><sessioninfo id="RebecaMolina-5b0f9620" start="1513856763072" dump="1513856763486"/><sessioninfo id="RebecaMolina-4cb7bd93" start="1513857321000" dump="1513857321416"/><sessioninfo id="RebecaMolina-25c05a38" start="1513858446529" dump="1513858446962"/><sessioninfo id="RebecaMolina-577a86a9" start="1513860835146" dump="1513860835569"/><sessioninfo id="RebecaMolina-b5f6b38f" start="1513861360196" dump="1513861360571"/><sessioninfo id="RebecaMolina-b4ec6328" start="1513861613648" dump="1513861614037"/><sessioninfo id="RebecaMolina-dcc97753" start="1513862235932" dump="1513862236333"/><sessioninfo id="RebecaMolina-e9fdb0c3" start="1513870638384" dump="1513870638769"/><sessioninfo id="RebecaMolina-636684a9" start="1513871124722" dump="1513871125125"/><sessioninfo id="RebecaMolina-ea9af921" start="1513871905708" dump="1513871906079"/><sessioninfo id="RebecaMolina-e684bcde" start="1513872727666" dump="1513872728058"/><sessioninfo id="RebecaMolina-a3f65a7a" start="1513875210265" dump="1513875210659"/><sessioninfo id="RebecaMolina-148b6ba0" start="1513875935517" dump="1513875935918"/><sessioninfo id="RebecaMolina-78c35596" start="1513876371507" dump="1513876371919"/><sessioninfo id="RebecaMolina-9fb88d34" start="1513878265238" dump="1513878265618"/><sessioninfo id="RebecaMolina-3a248582" start="1513879617950" dump="1513879618330"/><sessioninfo id="RebecaMolina-3630699d" start="1513880158622" dump="1513880159050"/><sessioninfo id="RebecaMolina-fcaa513c" start="1513880902997" dump="1513880903413"/><sessioninfo id="RebecaMolina-ba392f05" start="1513881816892" dump="1513881817292"/><sessioninfo id="RebecaMolina-890a346a" start="1513883017372" dump="1513883017778"/><package name="com/drones2people/spotify/BuySong"><class name="com/drones2people/spotify/BuySong/BuySong"><method name="&lt;init&gt;" desc="()V" line="16"><counter type="INSTRUCTION" missed="3" covered="0"/><counter type="LINE" missed="1" covered="0"/><counter type="COMPLEXITY" missed="1" covered="0"/><counter type="METHOD" missed="1" covered="0"/></method><method name="buySong" desc="(Lcom/drones2people/spotify/dominio/Cancion;)Z" line="25"><counter type="INSTRUCTION" missed="65" covered="0"/><counter type="BRANCH" missed="2" covered="0"/><counter type="LINE" missed="17" covered="0"/><counter type="COMPLEXITY" missed="2" covered="0"/><counter type="METHOD" missed="1" covered="0"/></method><counter type="INSTRUCTION" missed="68" covered="0"/><counter type="BRANCH" missed="2" covered="0"/><counter type="LINE" missed="18" covered="0"/><counter type="COMPLEXITY" missed="3" covered="0"/><counter type="METHOD" missed="2" covered="0"/><counter type="CLASS" missed="1" covered="0"/></class><sourcefile name="BuySong.java"><line nr="16" mi="3" ci="0" mb="0" cb="0"/><line nr="25" mi="3" ci="0" mb="0" cb="0"/><line nr="26" mi="1" ci="0" mb="0" cb="0"/><line nr="27" mi="2" ci="0" mb="0" cb="0"/><line nr="28" mi="1" ci="0" mb="0" cb="0"/><line nr="30" mi="2" ci="0" mb="0" cb="0"/><line nr="31" mi="7" ci="0" mb="0" cb="0"/><line nr="32" mi="6" ci="0" mb="0" cb="0"/><line nr="33" mi="6" ci="0" mb="0" cb="0"/><line nr="34" mi="4" ci="0" mb="0" cb="0"/><line nr="36" mi="3" ci="0" mb="2" cb="0"/><line nr="37" mi="5" ci="0" mb="0" cb="0"/><line nr="38" mi="5" ci="0" mb="0" cb="0"/><line nr="39" mi="5" ci="0" mb="0" cb="0"/><line nr="40" mi="6" ci="0" mb="0" cb="0"/><line nr="42" mi="4" ci="0" mb="0" cb="0"/><line nr="43" mi="3" ci="0" mb="0" cb="0"/><line nr="44" mi="2" ci="0" mb="0" cb="0"/><counter type="INSTRUCTION" missed="68" covered="0"/><counter type="BRANCH" missed="2" covered="0"/><counter type="LINE" missed="18" covered="0"/><counter type="COMPLEXITY" missed="3" covered="0"/><counter type="METHOD" missed="2" covered="0"/><counter type="CLASS" missed="1" covered="0"/></sourcefile><counter type="INSTRUCTION" missed="68" covered="0"/><counter type="BRANCH" missed="2" covered="0"/><counter type="LINE" missed="18" covered="0"/><counter type="COMPLEXITY" missed="3" covered="0"/><counter type="METHOD" missed="2" covered="0"/><counter type="CLASS" missed="1" covered="0"/></package><counter type="INSTRUCTION" missed="68" covered="0"/><counter type="BRANCH" missed="2" covered="0"/><counter type="LINE" missed="18" covered="0"/><counter type="COMPLEXITY" missed="3" covered="0"/><counter type="METHOD" missed="2" covered="0"/><counter type="CLASS" missed="1" covered="0"/></report>