<?xml version="1.0" encoding="UTF-8" standalone="yes"?><!DOCTYPE report PUBLIC "-//JACOCO//DTD Report 1.0//EN" "report.dtd"><report name="d2pSpotify-PlaySong"><sessioninfo id="RebecaMolina-18cff944" start="1513853545221" dump="1513853545520"/><sessioninfo id="RebecaMolina-843055b2" start="1513853792395" dump="1513853792763"/><sessioninfo id="RebecaMolina-6676b8b9" start="1513856785481" dump="1513856785854"/><sessioninfo id="RebecaMolina-b75ad800" start="1513857342424" dump="1513857342782"/><sessioninfo id="RebecaMolina-bfbe24db" start="1513858468770" dump="1513858469127"/><sessioninfo id="RebecaMolina-6d76b9a0" start="1513860858379" dump="1513860858745"/><sessioninfo id="RebecaMolina-78085d51" start="1513861381863" dump="1513861382257"/><sessioninfo id="RebecaMolina-aa42120a" start="1513861634745" dump="1513861635142"/><sessioninfo id="RebecaMolina-fbc5751f" start="1513862257324" dump="1513862257722"/><sessioninfo id="RebecaMolina-761243a5" start="1513870660993" dump="1513870661408"/><sessioninfo id="RebecaMolina-a8f39901" start="1513871146666" dump="1513871147102"/><sessioninfo id="RebecaMolina-a9387ae5" start="1513871927625" dump="1513871928051"/><sessioninfo id="RebecaMolina-90604f1e" start="1513872749868" dump="1513872750233"/><sessioninfo id="RebecaMolina-aa4825d9" start="1513875232683" dump="1513875233047"/><sessioninfo id="RebecaMolina-c822b284" start="1513875957159" dump="1513875957535"/><sessioninfo id="RebecaMolina-2ba7db68" start="1513876394189" dump="1513876394572"/><sessioninfo id="RebecaMolina-94ff5420" start="1513878286852" dump="1513878287221"/><sessioninfo id="RebecaMolina-6b90f34e" start="1513879640551" dump="1513879640909"/><sessioninfo id="RebecaMolina-913440c6" start="1513880180949" dump="1513880181330"/><sessioninfo id="RebecaMolina-bcf560af" start="1513880925208" dump="1513880925622"/><sessioninfo id="RebecaMolina-50b64d1e" start="1513881838851" dump="1513881839212"/><sessioninfo id="RebecaMolina-f424cea1" start="1513883039718" dump="1513883040119"/><package name="com/drones2people/spotify/PlaySong"><class name="com/drones2people/spotify/PlaySong/PlaySong"><method name="&lt;init&gt;" desc="()V" line="16"><counter type="INSTRUCTION" missed="3" covered="0"/><counter type="LINE" missed="1" covered="0"/><counter type="COMPLEXITY" missed="1" covered="0"/><counter type="METHOD" missed="1" covered="0"/></method><method name="PlaySong" desc="(Lcom/drones2people/spotify/dominio/Cancion;I)I" line="21"><counter type="INSTRUCTION" missed="22" covered="0"/><counter type="BRANCH" missed="2" covered="0"/><counter type="LINE" missed="5" covered="0"/><counter type="COMPLEXITY" missed="2" covered="0"/><counter type="METHOD" missed="1" covered="0"/></method><method name="selectSong" desc="(Ljava/lang/String;I)Lcom/drones2people/spotify/dominio/Cancion;" line="29"><counter type="INSTRUCTION" missed="58" covered="0"/><counter type="BRANCH" missed="2" covered="0"/><counter type="LINE" missed="13" covered="0"/><counter type="COMPLEXITY" missed="2" covered="0"/><counter type="METHOD" missed="1" covered="0"/></method><counter type="INSTRUCTION" missed="83" covered="0"/><counter type="BRANCH" missed="4" covered="0"/><counter type="LINE" missed="19" covered="0"/><counter type="COMPLEXITY" missed="5" covered="0"/><counter type="METHOD" missed="3" covered="0"/><counter type="CLASS" missed="1" covered="0"/></class><sourcefile name="PlaySong.java"><line nr="16" mi="3" ci="0" mb="0" cb="0"/><line nr="21" mi="2" ci="0" mb="0" cb="0"/><line nr="22" mi="3" ci="0" mb="2" cb="0"/><line nr="23" mi="13" ci="0" mb="0" cb="0"/><line nr="24" mi="2" ci="0" mb="0" cb="0"/><line nr="26" mi="2" ci="0" mb="0" cb="0"/><line nr="29" mi="4" ci="0" mb="0" cb="0"/><line nr="30" mi="2" ci="0" mb="0" cb="0"/><line nr="32" mi="7" ci="0" mb="0" cb="0"/><line nr="33" mi="5" ci="0" mb="0" cb="0"/><line nr="34" mi="5" ci="0" mb="0" cb="0"/><line nr="35" mi="4" ci="0" mb="0" cb="0"/><line nr="36" mi="3" ci="0" mb="2" cb="0"/><line nr="37" mi="5" ci="0" mb="0" cb="0"/><line nr="38" mi="5" ci="0" mb="0" cb="0"/><line nr="39" mi="5" ci="0" mb="0" cb="0"/><line nr="40" mi="5" ci="0" mb="0" cb="0"/><line nr="41" mi="6" ci="0" mb="0" cb="0"/><line nr="44" mi="2" ci="0" mb="0" cb="0"/><counter type="INSTRUCTION" missed="83" covered="0"/><counter type="BRANCH" missed="4" covered="0"/><counter type="LINE" missed="19" covered="0"/><counter type="COMPLEXITY" missed="5" covered="0"/><counter type="METHOD" missed="3" covered="0"/><counter type="CLASS" missed="1" covered="0"/></sourcefile><counter type="INSTRUCTION" missed="83" covered="0"/><counter type="BRANCH" missed="4" covered="0"/><counter type="LINE" missed="19" covered="0"/><counter type="COMPLEXITY" missed="5" covered="0"/><counter type="METHOD" missed="3" covered="0"/><counter type="CLASS" missed="1" covered="0"/></package><counter type="INSTRUCTION" missed="83" covered="0"/><counter type="BRANCH" missed="4" covered="0"/><counter type="LINE" missed="19" covered="0"/><counter type="COMPLEXITY" missed="5" covered="0"/><counter type="METHOD" missed="3" covered="0"/><counter type="CLASS" missed="1" covered="0"/></report>