<?xml version="1.0" encoding="UTF-8" standalone="yes"?><!DOCTYPE report PUBLIC "-//JACOCO//DTD Report 1.0//EN" "report.dtd"><report name="d2pSpotify-DeleteUser"><sessioninfo id="RebecaMolina-716a5828" start="1513853529831" dump="1513853542762"/><sessioninfo id="RebecaMolina-6c02e9ab" start="1513853746563" dump="1513853759922"/><sessioninfo id="RebecaMolina-2873b722" start="1513856739455" dump="1513856753012"/><sessioninfo id="RebecaMolina-befb3608" start="1513857297475" dump="1513857310964"/><sessioninfo id="RebecaMolina-2d64fd85" start="1513858422463" dump="1513858436381"/><sessioninfo id="RebecaMolina-687dabcb" start="1513860811718" dump="1513860825315"/><sessioninfo id="RebecaMolina-a97e0ba2" start="1513861335979" dump="1513861349670"/><sessioninfo id="RebecaMolina-984c580b" start="1513861590502" dump="1513861603855"/><sessioninfo id="RebecaMolina-b5059da8" start="1513862212129" dump="1513862225567"/><sessioninfo id="RebecaMolina-22b2d62a" start="1513870612848" dump="1513870626923"/><sessioninfo id="RebecaMolina-22ac0aff" start="1513871100930" dump="1513871114292"/><sessioninfo id="RebecaMolina-4b7c3716" start="1513871881640" dump="1513871895194"/><sessioninfo id="RebecaMolina-dddf2ac8" start="1513872703843" dump="1513872717338"/><sessioninfo id="RebecaMolina-75198612" start="1513875186995" dump="1513875200320"/><sessioninfo id="RebecaMolina-ba61cfb2" start="1513875911767" dump="1513875925598"/><sessioninfo id="RebecaMolina-dc24357a" start="1513876347298" dump="1513876360838"/><sessioninfo id="RebecaMolina-9ef915ef" start="1513878241695" dump="1513878255319"/><sessioninfo id="RebecaMolina-fcdf9d57" start="1513879594493" dump="1513879608135"/><sessioninfo id="RebecaMolina-59734fcf" start="1513880134831" dump="1513880148609"/><sessioninfo id="RebecaMolina-d25cc2a8" start="1513880878537" dump="1513880892195"/><sessioninfo id="RebecaMolina-46cf9206" start="1513881792851" dump="1513881806558"/><sessioninfo id="RebecaMolina-4e7fc49f" start="1513882993763" dump="1513883007257"/><package name="com/drones2people/spotify/DeleteUser"><class name="com/drones2people/spotify/DeleteUser/DeleteUser"><method name="&lt;init&gt;" desc="()V" line="18"><counter type="INSTRUCTION" missed="0" covered="8"/><counter type="LINE" missed="0" covered="2"/><counter type="COMPLEXITY" missed="0" covered="1"/><counter type="METHOD" missed="0" covered="1"/></method><method name="DeleteUser" desc="(I)I" line="25"><counter type="INSTRUCTION" missed="13" covered="11"/><counter type="LINE" missed="3" covered="2"/><counter type="COMPLEXITY" missed="0" covered="1"/><counter type="METHOD" missed="0" covered="1"/></method><method name="main" desc="([Ljava/lang/String;)V" line="34"><counter type="INSTRUCTION" missed="23" covered="0"/><counter type="BRANCH" missed="2" covered="0"/><counter type="LINE" missed="7" covered="0"/><counter type="COMPLEXITY" missed="2" covered="0"/><counter type="METHOD" missed="1" covered="0"/></method><counter type="INSTRUCTION" missed="36" covered="19"/><counter type="BRANCH" missed="2" covered="0"/><counter type="LINE" missed="10" covered="4"/><counter type="COMPLEXITY" missed="2" covered="2"/><counter type="METHOD" missed="1" covered="2"/><counter type="CLASS" missed="0" covered="1"/></class><sourcefile name="DeleteUser.java"><line nr="18" mi="0" ci="2" mb="0" cb="0"/><line nr="19" mi="0" ci="6" mb="0" cb="0"/><line nr="25" mi="0" ci="2" mb="0" cb="0"/><line nr="26" mi="0" ci="9" mb="0" cb="0"/><line nr="27" mi="7" ci="0" mb="0" cb="0"/><line nr="28" mi="4" ci="0" mb="0" cb="0"/><line nr="30" mi="2" ci="0" mb="0" cb="0"/><line nr="34" mi="4" ci="0" mb="0" cb="0"/><line nr="35" mi="5" ci="0" mb="0" cb="0"/><line nr="36" mi="3" ci="0" mb="0" cb="0"/><line nr="37" mi="3" ci="0" mb="0" cb="0"/><line nr="38" mi="4" ci="0" mb="2" cb="0"/><line nr="39" mi="3" ci="0" mb="0" cb="0"/><line nr="42" mi="1" ci="0" mb="0" cb="0"/><counter type="INSTRUCTION" missed="36" covered="19"/><counter type="BRANCH" missed="2" covered="0"/><counter type="LINE" missed="10" covered="4"/><counter type="COMPLEXITY" missed="2" covered="2"/><counter type="METHOD" missed="1" covered="2"/><counter type="CLASS" missed="0" covered="1"/></sourcefile><counter type="INSTRUCTION" missed="36" covered="19"/><counter type="BRANCH" missed="2" covered="0"/><counter type="LINE" missed="10" covered="4"/><counter type="COMPLEXITY" missed="2" covered="2"/><counter type="METHOD" missed="1" covered="2"/><counter type="CLASS" missed="0" covered="1"/></package><counter type="INSTRUCTION" missed="36" covered="19"/><counter type="BRANCH" missed="2" covered="0"/><counter type="LINE" missed="10" covered="4"/><counter type="COMPLEXITY" missed="2" covered="2"/><counter type="METHOD" missed="1" covered="2"/><counter type="CLASS" missed="0" covered="1"/></report>