<?xml version="1.0" encoding="UTF-8" standalone="yes"?><!DOCTYPE report PUBLIC "-//JACOCO//DTD Report 1.0//EN" "report.dtd"><report name="d2pSpotify-DelAlbum"><sessioninfo id="RebecaMolina-9c12c7c2" start="1513853528944" dump="1513853529170"/><sessioninfo id="RebecaMolina-46fbebdd" start="1513853736443" dump="1513853736745"/><sessioninfo id="RebecaMolina-72c8046c" start="1513856729727" dump="1513856730019"/><sessioninfo id="RebecaMolina-5ca72ecd" start="1513857287708" dump="1513857287971"/><sessioninfo id="RebecaMolina-5ab880f1" start="1513858413052" dump="1513858413390"/><sessioninfo id="RebecaMolina-24e00b82" start="1513860801995" dump="1513860802288"/><sessioninfo id="RebecaMolina-d0ec33eb" start="1513861326730" dump="1513861326994"/><sessioninfo id="RebecaMolina-957cce57" start="1513861580771" dump="1513861581060"/><sessioninfo id="RebecaMolina-e21d2d89" start="1513862202423" dump="1513862202689"/><sessioninfo id="RebecaMolina-35993f90" start="1513870600625" dump="1513870600904"/><sessioninfo id="RebecaMolina-6f0f92eb" start="1513871091343" dump="1513871091630"/><sessioninfo id="RebecaMolina-a1151e13" start="1513871872342" dump="1513871872625"/><sessioninfo id="RebecaMolina-e0232440" start="1513872694711" dump="1513872694977"/><sessioninfo id="RebecaMolina-771f007d" start="1513875176901" dump="1513875177207"/><sessioninfo id="RebecaMolina-1c6d5d3f" start="1513875902733" dump="1513875902995"/><sessioninfo id="RebecaMolina-a5c3d9d" start="1513876336099" dump="1513876336448"/><sessioninfo id="RebecaMolina-7186f316" start="1513878232536" dump="1513878232810"/><sessioninfo id="RebecaMolina-8053e371" start="1513879585251" dump="1513879585527"/><sessioninfo id="RebecaMolina-528a6c76" start="1513880124535" dump="1513880124852"/><sessioninfo id="RebecaMolina-4699cc8f" start="1513880868202" dump="1513880868484"/><sessioninfo id="RebecaMolina-fa4c1330" start="1513881558573" dump="1513881558861"/><sessioninfo id="RebecaMolina-c0cad892" start="1513881783510" dump="1513881783844"/><sessioninfo id="RebecaMolina-5646951b" start="1513882984570" dump="1513882984842"/><package name="com/drones2people/spotify/DelAlbum"><class name="com/drones2people/spotify/DelAlbum/DelAlbum"><method name="&lt;init&gt;" desc="()V" line="12"><counter type="INSTRUCTION" missed="3" covered="0"/><counter type="LINE" missed="1" covered="0"/><counter type="COMPLEXITY" missed="1" covered="0"/><counter type="METHOD" missed="1" covered="0"/></method><method name="eliminarAlbum" desc="(Lcom/drones2people/spotify/dominio/Album;)V" line="18"><counter type="INSTRUCTION" missed="52" covered="0"/><counter type="BRANCH" missed="6" covered="0"/><counter type="LINE" missed="14" covered="0"/><counter type="COMPLEXITY" missed="4" covered="0"/><counter type="METHOD" missed="1" covered="0"/></method><counter type="INSTRUCTION" missed="55" covered="0"/><counter type="BRANCH" missed="6" covered="0"/><counter type="LINE" missed="15" covered="0"/><counter type="COMPLEXITY" missed="5" covered="0"/><counter type="METHOD" missed="2" covered="0"/><counter type="CLASS" missed="1" covered="0"/></class><sourcefile name="DelAlbum.java"><line nr="12" mi="3" ci="0" mb="0" cb="0"/><line nr="18" mi="3" ci="0" mb="0" cb="0"/><line nr="19" mi="2" ci="0" mb="0" cb="0"/><line nr="21" mi="5" ci="0" mb="0" cb="0"/><line nr="22" mi="1" ci="0" mb="0" cb="0"/><line nr="23" mi="2" ci="0" mb="0" cb="0"/><line nr="24" mi="1" ci="0" mb="0" cb="0"/><line nr="26" mi="10" ci="0" mb="6" cb="0"/><line nr="27" mi="12" ci="0" mb="0" cb="0"/><line nr="29" mi="7" ci="0" mb="0" cb="0"/><line nr="30" mi="4" ci="0" mb="0" cb="0"/><line nr="31" mi="1" ci="0" mb="0" cb="0"/><line nr="32" mi="2" ci="0" mb="0" cb="0"/><line nr="33" mi="1" ci="0" mb="0" cb="0"/><line nr="35" mi="1" ci="0" mb="0" cb="0"/><counter type="INSTRUCTION" missed="55" covered="0"/><counter type="BRANCH" missed="6" covered="0"/><counter type="LINE" missed="15" covered="0"/><counter type="COMPLEXITY" missed="5" covered="0"/><counter type="METHOD" missed="2" covered="0"/><counter type="CLASS" missed="1" covered="0"/></sourcefile><counter type="INSTRUCTION" missed="55" covered="0"/><counter type="BRANCH" missed="6" covered="0"/><counter type="LINE" missed="15" covered="0"/><counter type="COMPLEXITY" missed="5" covered="0"/><counter type="METHOD" missed="2" covered="0"/><counter type="CLASS" missed="1" covered="0"/></package><counter type="INSTRUCTION" missed="55" covered="0"/><counter type="BRANCH" missed="6" covered="0"/><counter type="LINE" missed="15" covered="0"/><counter type="COMPLEXITY" missed="5" covered="0"/><counter type="METHOD" missed="2" covered="0"/><counter type="CLASS" missed="1" covered="0"/></report>