<?xml version="1.0" encoding="UTF-8" standalone="yes"?><!DOCTYPE report PUBLIC "-//JACOCO//DTD Report 1.0//EN" "report.dtd"><report name="d2pSpotify-BuscarCancion"><sessioninfo id="RebecaMolina-46173df7" start="1513853527339" dump="1513853527569"/><sessioninfo id="RebecaMolina-c680725b" start="1513853716269" dump="1513853716567"/><sessioninfo id="RebecaMolina-4ee1c2b" start="1513856709860" dump="1513856710150"/><sessioninfo id="RebecaMolina-e1fe8d3d" start="1513857267862" dump="1513857268126"/><sessioninfo id="RebecaMolina-5eba1365" start="1513858391912" dump="1513858392216"/><sessioninfo id="RebecaMolina-8244ed12" start="1513860782524" dump="1513860782792"/><sessioninfo id="RebecaMolina-db33825d" start="1513861307638" dump="1513861307904"/><sessioninfo id="RebecaMolina-e27f233a" start="1513861560892" dump="1513861561164"/><sessioninfo id="RebecaMolina-7012090f" start="1513862182447" dump="1513862182725"/><sessioninfo id="RebecaMolina-fffefd28" start="1513870579587" dump="1513870579859"/><sessioninfo id="RebecaMolina-7eed0aa8" start="1513871071742" dump="1513871072013"/><sessioninfo id="RebecaMolina-f9846adb" start="1513871853039" dump="1513871853320"/><sessioninfo id="RebecaMolina-f6ce5692" start="1513872675285" dump="1513872675587"/><sessioninfo id="RebecaMolina-ebf8a324" start="1513875157343" dump="1513875157615"/><sessioninfo id="RebecaMolina-4c8a1f17" start="1513875882935" dump="1513875883244"/><sessioninfo id="RebecaMolina-fac15cde" start="1513876315402" dump="1513876315662"/><sessioninfo id="RebecaMolina-ce9110b0" start="1513878213647" dump="1513878213916"/><sessioninfo id="RebecaMolina-b555b3eb" start="1513879565462" dump="1513879565744"/><sessioninfo id="RebecaMolina-e8a21f5b" start="1513880104972" dump="1513880105250"/><sessioninfo id="RebecaMolina-d73fc3f0" start="1513880848884" dump="1513880849150"/><sessioninfo id="RebecaMolina-9510c592" start="1513881538043" dump="1513881538327"/><sessioninfo id="RebecaMolina-a2d2351e" start="1513881764355" dump="1513881764622"/><sessioninfo id="RebecaMolina-1b78dbea" start="1513882964536" dump="1513882964831"/><package name="com/drones2people/spotify/BuscarCancion"><class name="com/drones2people/spotify/BuscarCancion/BuscarCancion"><method name="&lt;init&gt;" desc="()V" line="10"><counter type="INSTRUCTION" missed="3" covered="0"/><counter type="LINE" missed="1" covered="0"/><counter type="COMPLEXITY" missed="1" covered="0"/><counter type="METHOD" missed="1" covered="0"/></method><method name="buscarCancion" desc="(Ljava/lang/String;)Lcom/drones2people/spotify/dominio/Cancion;" line="15"><counter type="INSTRUCTION" missed="61" covered="0"/><counter type="BRANCH" missed="2" covered="0"/><counter type="LINE" missed="14" covered="0"/><counter type="COMPLEXITY" missed="2" covered="0"/><counter type="METHOD" missed="1" covered="0"/></method><counter type="INSTRUCTION" missed="64" covered="0"/><counter type="BRANCH" missed="2" covered="0"/><counter type="LINE" missed="15" covered="0"/><counter type="COMPLEXITY" missed="3" covered="0"/><counter type="METHOD" missed="2" covered="0"/><counter type="CLASS" missed="1" covered="0"/></class><sourcefile name="BuscarCancion.java"><line nr="10" mi="3" ci="0" mb="0" cb="0"/><line nr="15" mi="4" ci="0" mb="0" cb="0"/><line nr="16" mi="11" ci="0" mb="0" cb="0"/><line nr="18" mi="7" ci="0" mb="0" cb="0"/><line nr="19" mi="4" ci="0" mb="0" cb="0"/><line nr="20" mi="3" ci="0" mb="2" cb="0"/><line nr="21" mi="5" ci="0" mb="0" cb="0"/><line nr="22" mi="5" ci="0" mb="0" cb="0"/><line nr="23" mi="5" ci="0" mb="0" cb="0"/><line nr="24" mi="5" ci="0" mb="0" cb="0"/><line nr="25" mi="6" ci="0" mb="0" cb="0"/><line nr="27" mi="1" ci="0" mb="0" cb="0"/><line nr="28" mi="2" ci="0" mb="0" cb="0"/><line nr="29" mi="1" ci="0" mb="0" cb="0"/><line nr="30" mi="2" ci="0" mb="0" cb="0"/><counter type="INSTRUCTION" missed="64" covered="0"/><counter type="BRANCH" missed="2" covered="0"/><counter type="LINE" missed="15" covered="0"/><counter type="COMPLEXITY" missed="3" covered="0"/><counter type="METHOD" missed="2" covered="0"/><counter type="CLASS" missed="1" covered="0"/></sourcefile><counter type="INSTRUCTION" missed="64" covered="0"/><counter type="BRANCH" missed="2" covered="0"/><counter type="LINE" missed="15" covered="0"/><counter type="COMPLEXITY" missed="3" covered="0"/><counter type="METHOD" missed="2" covered="0"/><counter type="CLASS" missed="1" covered="0"/></package><counter type="INSTRUCTION" missed="64" covered="0"/><counter type="BRANCH" missed="2" covered="0"/><counter type="LINE" missed="15" covered="0"/><counter type="COMPLEXITY" missed="3" covered="0"/><counter type="METHOD" missed="2" covered="0"/><counter type="CLASS" missed="1" covered="0"/></report>