<?xml version="1.0" encoding="UTF-8" standalone="yes"?><!DOCTYPE report PUBLIC "-//JACOCO//DTD Report 1.0//EN" "report.dtd"><report name="d2pSpotify-pagospaypal"><sessioninfo id="RebecaMolina-b05fed33" start="1513853524474" dump="1513853524705"/><sessioninfo id="RebecaMolina-b8f54456" start="1513853679079" dump="1513853679386"/><sessioninfo id="RebecaMolina-93c3b444" start="1513856673794" dump="1513856674069"/><sessioninfo id="RebecaMolina-8c11d930" start="1513857232640" dump="1513857232968"/><sessioninfo id="RebecaMolina-2d2e8db5" start="1513858357261" dump="1513858357529"/><sessioninfo id="RebecaMolina-c1b84ed" start="1513860747443" dump="1513860747714"/><sessioninfo id="RebecaMolina-2f9d311e" start="1513861272337" dump="1513861272613"/><sessioninfo id="RebecaMolina-fca0bc8f" start="1513861526539" dump="1513861526838"/><sessioninfo id="RebecaMolina-4686741a" start="1513862147278" dump="1513862147566"/><sessioninfo id="RebecaMolina-56e0a2ce" start="1513870542619" dump="1513870542924"/><sessioninfo id="RebecaMolina-6d682402" start="1513871035870" dump="1513871036165"/><sessioninfo id="RebecaMolina-36a91854" start="1513871817949" dump="1513871818241"/><sessioninfo id="RebecaMolina-3df9acd4" start="1513872640273" dump="1513872640604"/><sessioninfo id="RebecaMolina-ab2c1477" start="1513875122244" dump="1513875122515"/><sessioninfo id="RebecaMolina-f99da227" start="1513875848019" dump="1513875848296"/><sessioninfo id="RebecaMolina-8760cd3a" start="1513876280320" dump="1513876280600"/><sessioninfo id="RebecaMolina-9d1375eb" start="1513878179372" dump="1513878179647"/><sessioninfo id="RebecaMolina-21e7692e" start="1513879530859" dump="1513879531124"/><sessioninfo id="RebecaMolina-6f50d606" start="1513880069031" dump="1513880069308"/><sessioninfo id="RebecaMolina-e44577c4" start="1513880813512" dump="1513880813803"/><sessioninfo id="RebecaMolina-e802e70c" start="1513881503330" dump="1513881503598"/><sessioninfo id="RebecaMolina-a5464b80" start="1513881729443" dump="1513881729715"/><sessioninfo id="RebecaMolina-3f62f910" start="1513882930147" dump="1513882930484"/><package name="com/drones2people/spotify/pagospaypal"><class name="com/drones2people/spotify/pagospaypal/PagosPaypal"><method name="&lt;init&gt;" desc="()V" line="14"><counter type="INSTRUCTION" missed="3" covered="0"/><counter type="LINE" missed="1" covered="0"/><counter type="COMPLEXITY" missed="1" covered="0"/><counter type="METHOD" missed="1" covered="0"/></method><method name="pagar" desc="()Z" line="17"><counter type="INSTRUCTION" missed="99" covered="0"/><counter type="BRANCH" missed="8" covered="0"/><counter type="LINE" missed="25" covered="0"/><counter type="COMPLEXITY" missed="5" covered="0"/><counter type="METHOD" missed="1" covered="0"/></method><counter type="INSTRUCTION" missed="102" covered="0"/><counter type="BRANCH" missed="8" covered="0"/><counter type="LINE" missed="26" covered="0"/><counter type="COMPLEXITY" missed="6" covered="0"/><counter type="METHOD" missed="2" covered="0"/><counter type="CLASS" missed="1" covered="0"/></class><sourcefile name="PagosPaypal.java"><line nr="14" mi="3" ci="0" mb="0" cb="0"/><line nr="17" mi="2" ci="0" mb="2" cb="0"/><line nr="19" mi="11" ci="0" mb="0" cb="0"/><line nr="21" mi="5" ci="0" mb="0" cb="0"/><line nr="22" mi="4" ci="0" mb="0" cb="0"/><line nr="23" mi="3" ci="0" mb="0" cb="0"/><line nr="24" mi="6" ci="0" mb="0" cb="0"/><line nr="26" mi="3" ci="0" mb="2" cb="0"/><line nr="27" mi="5" ci="0" mb="0" cb="0"/><line nr="29" mi="3" ci="0" mb="0" cb="0"/><line nr="31" mi="1" ci="0" mb="0" cb="0"/><line nr="32" mi="2" ci="0" mb="0" cb="0"/><line nr="33" mi="2" ci="0" mb="0" cb="0"/><line nr="34" mi="2" ci="0" mb="2" cb="0"/><line nr="36" mi="15" ci="0" mb="0" cb="0"/><line nr="38" mi="5" ci="0" mb="0" cb="0"/><line nr="39" mi="4" ci="0" mb="0" cb="0"/><line nr="40" mi="3" ci="0" mb="0" cb="0"/><line nr="41" mi="6" ci="0" mb="0" cb="0"/><line nr="43" mi="3" ci="0" mb="2" cb="0"/><line nr="44" mi="5" ci="0" mb="0" cb="0"/><line nr="46" mi="3" ci="0" mb="0" cb="0"/><line nr="48" mi="1" ci="0" mb="0" cb="0"/><line nr="49" mi="2" ci="0" mb="0" cb="0"/><line nr="50" mi="1" ci="0" mb="0" cb="0"/><line nr="52" mi="2" ci="0" mb="0" cb="0"/><counter type="INSTRUCTION" missed="102" covered="0"/><counter type="BRANCH" missed="8" covered="0"/><counter type="LINE" missed="26" covered="0"/><counter type="COMPLEXITY" missed="6" covered="0"/><counter type="METHOD" missed="2" covered="0"/><counter type="CLASS" missed="1" covered="0"/></sourcefile><counter type="INSTRUCTION" missed="102" covered="0"/><counter type="BRANCH" missed="8" covered="0"/><counter type="LINE" missed="26" covered="0"/><counter type="COMPLEXITY" missed="6" covered="0"/><counter type="METHOD" missed="2" covered="0"/><counter type="CLASS" missed="1" covered="0"/></package><counter type="INSTRUCTION" missed="102" covered="0"/><counter type="BRANCH" missed="8" covered="0"/><counter type="LINE" missed="26" covered="0"/><counter type="COMPLEXITY" missed="6" covered="0"/><counter type="METHOD" missed="2" covered="0"/><counter type="CLASS" missed="1" covered="0"/></report>