<?xml version="1.0" encoding="UTF-8" standalone="yes"?><!DOCTYPE report PUBLIC "-//JACOCO//DTD Report 1.0//EN" "report.dtd"><report name="d2pSpotify-PausarCancion"><sessioninfo id="RebecaMolina-d097874c" start="1513853549932" dump="1513853550197"/><sessioninfo id="RebecaMolina-7af9def" start="1513853852964" dump="1513853853312"/><sessioninfo id="RebecaMolina-154f5a1a" start="1513856843262" dump="1513856843556"/><sessioninfo id="RebecaMolina-9a76eabf" start="1513857399594" dump="1513857399904"/><sessioninfo id="RebecaMolina-282c20b9" start="1513858526865" dump="1513858527143"/><sessioninfo id="RebecaMolina-4933990c" start="1513860917589" dump="1513860917898"/><sessioninfo id="RebecaMolina-34c4e311" start="1513861440235" dump="1513861440505"/><sessioninfo id="RebecaMolina-7f6a7151" start="1513861692727" dump="1513861692992"/><sessioninfo id="RebecaMolina-bb1fd31b" start="1513862315601" dump="1513862315922"/><sessioninfo id="RebecaMolina-9cb7eca3" start="1513870720642" dump="1513870721186"/><sessioninfo id="RebecaMolina-36a0850d" start="1513871205516" dump="1513871205801"/><sessioninfo id="RebecaMolina-30cc01c0" start="1513871990566" dump="1513871990925"/><sessioninfo id="RebecaMolina-ffb041a6" start="1513872808454" dump="1513872808727"/><sessioninfo id="RebecaMolina-cc12c427" start="1513875294645" dump="1513875294919"/><sessioninfo id="RebecaMolina-4eff98d7" start="1513876014074" dump="1513876014367"/><sessioninfo id="RebecaMolina-6d9d92a0" start="1513876453514" dump="1513876453817"/><sessioninfo id="RebecaMolina-5a7da20" start="1513878344922" dump="1513878345196"/><sessioninfo id="RebecaMolina-a8c8581a" start="1513879699633" dump="1513879699935"/><sessioninfo id="RebecaMolina-ab5c103a" start="1513880239393" dump="1513880239669"/><sessioninfo id="RebecaMolina-5e9b16eb" start="1513880984002" dump="1513880984294"/><sessioninfo id="RebecaMolina-5dd2c73c" start="1513881900938" dump="1513881901272"/><sessioninfo id="RebecaMolina-86553610" start="1513883099019" dump="1513883099326"/><package name="com/drones2people/spotify/PausarCancion"><class name="com/drones2people/spotify/PausarCancion/PausarCancion"><method name="&lt;init&gt;" desc="()V" line="12"><counter type="INSTRUCTION" missed="3" covered="0"/><counter type="LINE" missed="1" covered="0"/><counter type="COMPLEXITY" missed="1" covered="0"/><counter type="METHOD" missed="1" covered="0"/></method><method name="PausarCancion" desc="(Ljava/lang/String;I)V" line="15"><counter type="INSTRUCTION" missed="26" covered="0"/><counter type="BRANCH" missed="2" covered="0"/><counter type="LINE" missed="8" covered="0"/><counter type="COMPLEXITY" missed="2" covered="0"/><counter type="METHOD" missed="1" covered="0"/></method><counter type="INSTRUCTION" missed="29" covered="0"/><counter type="BRANCH" missed="2" covered="0"/><counter type="LINE" missed="9" covered="0"/><counter type="COMPLEXITY" missed="3" covered="0"/><counter type="METHOD" missed="2" covered="0"/><counter type="CLASS" missed="1" covered="0"/></class><sourcefile name="PausarCancion.java"><line nr="12" mi="3" ci="0" mb="0" cb="0"/><line nr="15" mi="2" ci="0" mb="0" cb="0"/><line nr="17" mi="5" ci="0" mb="0" cb="0"/><line nr="18" mi="3" ci="0" mb="2" cb="0"/><line nr="19" mi="11" ci="0" mb="0" cb="0"/><line nr="21" mi="1" ci="0" mb="0" cb="0"/><line nr="22" mi="2" ci="0" mb="0" cb="0"/><line nr="23" mi="1" ci="0" mb="0" cb="0"/><line nr="24" mi="1" ci="0" mb="0" cb="0"/><counter type="INSTRUCTION" missed="29" covered="0"/><counter type="BRANCH" missed="2" covered="0"/><counter type="LINE" missed="9" covered="0"/><counter type="COMPLEXITY" missed="3" covered="0"/><counter type="METHOD" missed="2" covered="0"/><counter type="CLASS" missed="1" covered="0"/></sourcefile><counter type="INSTRUCTION" missed="29" covered="0"/><counter type="BRANCH" missed="2" covered="0"/><counter type="LINE" missed="9" covered="0"/><counter type="COMPLEXITY" missed="3" covered="0"/><counter type="METHOD" missed="2" covered="0"/><counter type="CLASS" missed="1" covered="0"/></package><counter type="INSTRUCTION" missed="29" covered="0"/><counter type="BRANCH" missed="2" covered="0"/><counter type="LINE" missed="9" covered="0"/><counter type="COMPLEXITY" missed="3" covered="0"/><counter type="METHOD" missed="2" covered="0"/><counter type="CLASS" missed="1" covered="0"/></report>