<?xml version="1.0" encoding="UTF-8" standalone="yes"?><!DOCTYPE report PUBLIC "-//JACOCO//DTD Report 1.0//EN" "report.dtd"><report name="d2pSpotify-delcancion"><sessioninfo id="RebecaMolina-dbcb7980" start="1513853546021" dump="1513853546254"/><sessioninfo id="RebecaMolina-868d7b86" start="1513853802416" dump="1513853802689"/><sessioninfo id="RebecaMolina-31077206" start="1513856795226" dump="1513856795513"/><sessioninfo id="RebecaMolina-d06073fb" start="1513857351983" dump="1513857352297"/><sessioninfo id="RebecaMolina-bd5fc46f" start="1513858478793" dump="1513858479064"/><sessioninfo id="RebecaMolina-3583ec7f" start="1513860868108" dump="1513860868378"/><sessioninfo id="RebecaMolina-b2fad82f" start="1513861391587" dump="1513861391865"/><sessioninfo id="RebecaMolina-5e974219" start="1513861644690" dump="1513861645017"/><sessioninfo id="RebecaMolina-d5eb2232" start="1513862267108" dump="1513862267413"/><sessioninfo id="RebecaMolina-a9fd20f2" start="1513870671628" dump="1513870671950"/><sessioninfo id="RebecaMolina-e005da55" start="1513871156622" dump="1513871156907"/><sessioninfo id="RebecaMolina-57cd4440" start="1513871938678" dump="1513871939014"/><sessioninfo id="RebecaMolina-694dd6c0" start="1513872759568" dump="1513872759836"/><sessioninfo id="RebecaMolina-2dc79da1" start="1513875242722" dump="1513875243204"/><sessioninfo id="RebecaMolina-66aab072" start="1513875966882" dump="1513875967158"/><sessioninfo id="RebecaMolina-f73c24ad" start="1513876404874" dump="1513876405173"/><sessioninfo id="RebecaMolina-b6d2e3ab" start="1513878297112" dump="1513878297375"/><sessioninfo id="RebecaMolina-28f44af1" start="1513879651101" dump="1513879651408"/><sessioninfo id="RebecaMolina-df084adf" start="1513880190516" dump="1513880190789"/><sessioninfo id="RebecaMolina-9840c75f" start="1513880935795" dump="1513880936096"/><sessioninfo id="RebecaMolina-4df2ad85" start="1513881850132" dump="1513881850431"/><sessioninfo id="RebecaMolina-594d632b" start="1513883049502" dump="1513883049772"/><package name="com/drones2people/spotify/delcancion"><class name="com/drones2people/spotify/delcancion/DelCancion"><method name="&lt;init&gt;" desc="()V" line="13"><counter type="INSTRUCTION" missed="3" covered="0"/><counter type="LINE" missed="1" covered="0"/><counter type="COMPLEXITY" missed="1" covered="0"/><counter type="METHOD" missed="1" covered="0"/></method><method name="eliminarCancion" desc="(Lcom/drones2people/spotify/dominio/Cancion;)I" line="21"><counter type="INSTRUCTION" missed="71" covered="0"/><counter type="BRANCH" missed="8" covered="0"/><counter type="LINE" missed="19" covered="0"/><counter type="COMPLEXITY" missed="5" covered="0"/><counter type="METHOD" missed="1" covered="0"/></method><counter type="INSTRUCTION" missed="74" covered="0"/><counter type="BRANCH" missed="8" covered="0"/><counter type="LINE" missed="20" covered="0"/><counter type="COMPLEXITY" missed="6" covered="0"/><counter type="METHOD" missed="2" covered="0"/><counter type="CLASS" missed="1" covered="0"/></class><sourcefile name="DelCancion.java"><line nr="13" mi="3" ci="0" mb="0" cb="0"/><line nr="21" mi="2" ci="0" mb="0" cb="0"/><line nr="22" mi="2" ci="0" mb="0" cb="0"/><line nr="23" mi="2" ci="0" mb="0" cb="0"/><line nr="25" mi="6" ci="0" mb="0" cb="0"/><line nr="26" mi="6" ci="0" mb="0" cb="0"/><line nr="27" mi="1" ci="0" mb="0" cb="0"/><line nr="28" mi="2" ci="0" mb="0" cb="0"/><line nr="29" mi="1" ci="0" mb="0" cb="0"/><line nr="30" mi="6" ci="0" mb="4" cb="0"/><line nr="31" mi="8" ci="0" mb="4" cb="0"/><line nr="32" mi="15" ci="0" mb="0" cb="0"/><line nr="34" mi="7" ci="0" mb="0" cb="0"/><line nr="35" mi="4" ci="0" mb="0" cb="0"/><line nr="36" mi="1" ci="0" mb="0" cb="0"/><line nr="37" mi="2" ci="0" mb="0" cb="0"/><line nr="38" mi="1" ci="0" mb="0" cb="0"/><line nr="39" mi="1" ci="0" mb="0" cb="0"/><line nr="41" mi="2" ci="0" mb="0" cb="0"/><line nr="43" mi="2" ci="0" mb="0" cb="0"/><counter type="INSTRUCTION" missed="74" covered="0"/><counter type="BRANCH" missed="8" covered="0"/><counter type="LINE" missed="20" covered="0"/><counter type="COMPLEXITY" missed="6" covered="0"/><counter type="METHOD" missed="2" covered="0"/><counter type="CLASS" missed="1" covered="0"/></sourcefile><counter type="INSTRUCTION" missed="74" covered="0"/><counter type="BRANCH" missed="8" covered="0"/><counter type="LINE" missed="20" covered="0"/><counter type="COMPLEXITY" missed="6" covered="0"/><counter type="METHOD" missed="2" covered="0"/><counter type="CLASS" missed="1" covered="0"/></package><counter type="INSTRUCTION" missed="74" covered="0"/><counter type="BRANCH" missed="8" covered="0"/><counter type="LINE" missed="20" covered="0"/><counter type="COMPLEXITY" missed="6" covered="0"/><counter type="METHOD" missed="2" covered="0"/><counter type="CLASS" missed="1" covered="0"/></report>