<?xml version="1.0" encoding="UTF-8" standalone="yes"?><!DOCTYPE report PUBLIC "-//JACOCO//DTD Report 1.0//EN" "report.dtd"><report name="d2pSpotify-EnviarMensaje"><sessioninfo id="RebecaMolina-a9d9cfe8" start="1513853528127" dump="1513853528353"/><sessioninfo id="RebecaMolina-445244aa" start="1513853726376" dump="1513853726647"/><sessioninfo id="RebecaMolina-7995fd8e" start="1513856719446" dump="1513856719751"/><sessioninfo id="RebecaMolina-73e7d27e" start="1513857277904" dump="1513857278199"/><sessioninfo id="RebecaMolina-7a612f77" start="1513858401977" dump="1513858402348"/><sessioninfo id="RebecaMolina-915506c3" start="1513860792728" dump="1513860793032"/><sessioninfo id="RebecaMolina-adbd2b81" start="1513861316976" dump="1513861317256"/><sessioninfo id="RebecaMolina-d43f8bed" start="1513861571001" dump="1513861571270"/><sessioninfo id="RebecaMolina-2b128b53" start="1513862192291" dump="1513862192563"/><sessioninfo id="RebecaMolina-686154d9" start="1513870590221" dump="1513870590704"/><sessioninfo id="RebecaMolina-968f8f6e" start="1513871081564" dump="1513871081856"/><sessioninfo id="RebecaMolina-c37e260f" start="1513871862834" dump="1513871863123"/><sessioninfo id="RebecaMolina-c07952dd" start="1513872685121" dump="1513872685404"/><sessioninfo id="RebecaMolina-c6da42dc" start="1513875166898" dump="1513875167185"/><sessioninfo id="RebecaMolina-aeeb96aa" start="1513875892977" dump="1513875893242"/><sessioninfo id="RebecaMolina-62b834d1" start="1513876326062" dump="1513876326373"/><sessioninfo id="RebecaMolina-830bb64f" start="1513878223035" dump="1513878223309"/><sessioninfo id="RebecaMolina-18383aeb" start="1513879575649" dump="1513879575977"/><sessioninfo id="RebecaMolina-f4cb3dc3" start="1513880114736" dump="1513880115018"/><sessioninfo id="RebecaMolina-71e64d4c" start="1513880858730" dump="1513880859009"/><sessioninfo id="RebecaMolina-af3dfd7d" start="1513881548456" dump="1513881548762"/><sessioninfo id="RebecaMolina-9ce2106a" start="1513881773891" dump="1513881774176"/><sessioninfo id="RebecaMolina-27fb0acf" start="1513882974679" dump="1513882974950"/><package name="com/drones2people/spotify/EnviarMensaje"><class name="com/drones2people/spotify/EnviarMensaje/EnviarMensaje"><method name="&lt;init&gt;" desc="()V" line="7"><counter type="INSTRUCTION" missed="3" covered="0"/><counter type="LINE" missed="1" covered="0"/><counter type="COMPLEXITY" missed="1" covered="0"/><counter type="METHOD" missed="1" covered="0"/></method><method name="enviarmensaje" desc="()V" line="10"><counter type="INSTRUCTION" missed="4" covered="0"/><counter type="LINE" missed="2" covered="0"/><counter type="COMPLEXITY" missed="1" covered="0"/><counter type="METHOD" missed="1" covered="0"/></method><counter type="INSTRUCTION" missed="7" covered="0"/><counter type="LINE" missed="3" covered="0"/><counter type="COMPLEXITY" missed="2" covered="0"/><counter type="METHOD" missed="2" covered="0"/><counter type="CLASS" missed="1" covered="0"/></class><sourcefile name="EnviarMensaje.java"><line nr="7" mi="3" ci="0" mb="0" cb="0"/><line nr="10" mi="3" ci="0" mb="0" cb="0"/><line nr="11" mi="1" ci="0" mb="0" cb="0"/><counter type="INSTRUCTION" missed="7" covered="0"/><counter type="LINE" missed="3" covered="0"/><counter type="COMPLEXITY" missed="2" covered="0"/><counter type="METHOD" missed="2" covered="0"/><counter type="CLASS" missed="1" covered="0"/></sourcefile><counter type="INSTRUCTION" missed="7" covered="0"/><counter type="LINE" missed="3" covered="0"/><counter type="COMPLEXITY" missed="2" covered="0"/><counter type="METHOD" missed="2" covered="0"/><counter type="CLASS" missed="1" covered="0"/></package><counter type="INSTRUCTION" missed="7" covered="0"/><counter type="LINE" missed="3" covered="0"/><counter type="COMPLEXITY" missed="2" covered="0"/><counter type="METHOD" missed="2" covered="0"/><counter type="CLASS" missed="1" covered="0"/></report>