<?xml version="1.0" encoding="UTF-8" standalone="yes"?><!DOCTYPE report PUBLIC "-//JACOCO//DTD Report 1.0//EN" "report.dtd"><report name="d2pSpotify-buyalbum"><sessioninfo id="RebecaMolina-7d86a738" start="1513853526478" dump="1513853526717"/><sessioninfo id="RebecaMolina-f5ecf390" start="1513853704986" dump="1513853705260"/><sessioninfo id="RebecaMolina-87a73978" start="1513856698264" dump="1513856698562"/><sessioninfo id="RebecaMolina-a695669" start="1513857256749" dump="1513857257047"/><sessioninfo id="RebecaMolina-7f89adf8" start="1513858381349" dump="1513858381619"/><sessioninfo id="RebecaMolina-53de5996" start="1513860771257" dump="1513860771599"/><sessioninfo id="RebecaMolina-b2185ce7" start="1513861296267" dump="1513861296545"/><sessioninfo id="RebecaMolina-be978f" start="1513861550163" dump="1513861550441"/><sessioninfo id="RebecaMolina-c38c6a9e" start="1513862171117" dump="1513862171392"/><sessioninfo id="RebecaMolina-e0939216" start="1513870568350" dump="1513870568686"/><sessioninfo id="RebecaMolina-d99cb4bd" start="1513871060051" dump="1513871060326"/><sessioninfo id="RebecaMolina-7dca8849" start="1513871842054" dump="1513871842330"/><sessioninfo id="RebecaMolina-5f49225" start="1513872664164" dump="1513872664433"/><sessioninfo id="RebecaMolina-1704edf0" start="1513875146132" dump="1513875146438"/><sessioninfo id="RebecaMolina-cb5b8c9b" start="1513875871754" dump="1513875872026"/><sessioninfo id="RebecaMolina-a10ba414" start="1513876304397" dump="1513876304694"/><sessioninfo id="RebecaMolina-17e19b40" start="1513878202823" dump="1513878203095"/><sessioninfo id="RebecaMolina-9270df5b" start="1513879554668" dump="1513879554939"/><sessioninfo id="RebecaMolina-f962a632" start="1513880093922" dump="1513880094205"/><sessioninfo id="RebecaMolina-60ef0df1" start="1513880837777" dump="1513880838048"/><sessioninfo id="RebecaMolina-a957d1d5" start="1513881526819" dump="1513881527092"/><sessioninfo id="RebecaMolina-2fc783ee" start="1513881753408" dump="1513881753701"/><sessioninfo id="RebecaMolina-2921cd9f" start="1513882953504" dump="1513882953782"/><package name="com/drones2people/spotify/buyalbum"><class name="com/drones2people/spotify/buyalbum/BuyAlbum"><method name="&lt;init&gt;" desc="()V" line="8"><counter type="INSTRUCTION" missed="3" covered="0"/><counter type="LINE" missed="1" covered="0"/><counter type="COMPLEXITY" missed="1" covered="0"/><counter type="METHOD" missed="1" covered="0"/></method><method name="buyAlbum" desc="(Lcom/drones2people/spotify/dominio/Album;)Z" line="11"><counter type="INSTRUCTION" missed="9" covered="0"/><counter type="LINE" missed="3" covered="0"/><counter type="COMPLEXITY" missed="1" covered="0"/><counter type="METHOD" missed="1" covered="0"/></method><counter type="INSTRUCTION" missed="12" covered="0"/><counter type="LINE" missed="4" covered="0"/><counter type="COMPLEXITY" missed="2" covered="0"/><counter type="METHOD" missed="2" covered="0"/><counter type="CLASS" missed="1" covered="0"/></class><sourcefile name="BuyAlbum.java"><line nr="8" mi="3" ci="0" mb="0" cb="0"/><line nr="11" mi="4" ci="0" mb="0" cb="0"/><line nr="12" mi="3" ci="0" mb="0" cb="0"/><line nr="13" mi="2" ci="0" mb="0" cb="0"/><counter type="INSTRUCTION" missed="12" covered="0"/><counter type="LINE" missed="4" covered="0"/><counter type="COMPLEXITY" missed="2" covered="0"/><counter type="METHOD" missed="2" covered="0"/><counter type="CLASS" missed="1" covered="0"/></sourcefile><counter type="INSTRUCTION" missed="12" covered="0"/><counter type="LINE" missed="4" covered="0"/><counter type="COMPLEXITY" missed="2" covered="0"/><counter type="METHOD" missed="2" covered="0"/><counter type="CLASS" missed="1" covered="0"/></package><counter type="INSTRUCTION" missed="12" covered="0"/><counter type="LINE" missed="4" covered="0"/><counter type="COMPLEXITY" missed="2" covered="0"/><counter type="METHOD" missed="2" covered="0"/><counter type="CLASS" missed="1" covered="0"/></report>