<?xml version="1.0" encoding="UTF-8" standalone="yes"?><!DOCTYPE report PUBLIC "-//JACOCO//DTD Report 1.0//EN" "report.dtd"><report name="d2pSpotify-descargarCancion"><sessioninfo id="RebecaMolina-929c6f0e" start="1513853525664" dump="1513853525895"/><sessioninfo id="RebecaMolina-5b697e93" start="1513853694435" dump="1513853694759"/><sessioninfo id="RebecaMolina-6cd7a18c" start="1513856688130" dump="1513856688425"/><sessioninfo id="RebecaMolina-c4b85907" start="1513857246813" dump="1513857247081"/><sessioninfo id="RebecaMolina-1bb4018b" start="1513858371374" dump="1513858371654"/><sessioninfo id="RebecaMolina-6e0d6de2" start="1513860761559" dump="1513860761839"/><sessioninfo id="RebecaMolina-bda7374d" start="1513861286379" dump="1513861286714"/><sessioninfo id="RebecaMolina-401d8e82" start="1513861540692" dump="1513861540986"/><sessioninfo id="RebecaMolina-8bbc05da" start="1513862160937" dump="1513862161232"/><sessioninfo id="RebecaMolina-80c3fdbe" start="1513870557408" dump="1513870557695"/><sessioninfo id="RebecaMolina-cc0db668" start="1513871049999" dump="1513871050301"/><sessioninfo id="RebecaMolina-7ba5506b" start="1513871831941" dump="1513871832226"/><sessioninfo id="RebecaMolina-c879131" start="1513872654562" dump="1513872654835"/><sessioninfo id="RebecaMolina-c45cced4" start="1513875135896" dump="1513875136185"/><sessioninfo id="RebecaMolina-93943846" start="1513875862053" dump="1513875862345"/><sessioninfo id="RebecaMolina-a92ad64a" start="1513876294222" dump="1513876294517"/><sessioninfo id="RebecaMolina-5d4cc5c1" start="1513878193348" dump="1513878193646"/><sessioninfo id="RebecaMolina-bd8a5bd6" start="1513879544950" dump="1513879545228"/><sessioninfo id="RebecaMolina-4fbd6c18" start="1513880083300" dump="1513880083586"/><sessioninfo id="RebecaMolina-bb7e96a9" start="1513880827240" dump="1513880827517"/><sessioninfo id="RebecaMolina-a48a74b6" start="1513881516998" dump="1513881517295"/><sessioninfo id="RebecaMolina-3339eb8c" start="1513881743136" dump="1513881743481"/><sessioninfo id="RebecaMolina-9382914c" start="1513882943900" dump="1513882944195"/><package name="com/drones2people/spotify/descargarCancion"><class name="com/drones2people/spotify/descargarCancion/DescargarCancion"><method name="&lt;init&gt;" desc="()V" line="11"><counter type="INSTRUCTION" missed="3" covered="0"/><counter type="LINE" missed="1" covered="0"/><counter type="COMPLEXITY" missed="1" covered="0"/><counter type="METHOD" missed="1" covered="0"/></method><method name="descargarCancion" desc="()Z" line="14"><counter type="INSTRUCTION" missed="27" covered="0"/><counter type="BRANCH" missed="2" covered="0"/><counter type="LINE" missed="12" covered="0"/><counter type="COMPLEXITY" missed="2" covered="0"/><counter type="METHOD" missed="1" covered="0"/></method><counter type="INSTRUCTION" missed="30" covered="0"/><counter type="BRANCH" missed="2" covered="0"/><counter type="LINE" missed="13" covered="0"/><counter type="COMPLEXITY" missed="3" covered="0"/><counter type="METHOD" missed="2" covered="0"/><counter type="CLASS" missed="1" covered="0"/></class><sourcefile name="DescargarCancion.java"><line nr="11" mi="3" ci="0" mb="0" cb="0"/><line nr="14" mi="2" ci="0" mb="0" cb="0"/><line nr="15" mi="2" ci="0" mb="0" cb="0"/><line nr="16" mi="2" ci="0" mb="0" cb="0"/><line nr="18" mi="6" ci="0" mb="0" cb="0"/><line nr="19" mi="3" ci="0" mb="2" cb="0"/><line nr="20" mi="2" ci="0" mb="0" cb="0"/><line nr="22" mi="2" ci="0" mb="0" cb="0"/><line nr="23" mi="1" ci="0" mb="0" cb="0"/><line nr="24" mi="2" ci="0" mb="0" cb="0"/><line nr="25" mi="2" ci="0" mb="0" cb="0"/><line nr="26" mi="1" ci="0" mb="0" cb="0"/><line nr="27" mi="2" ci="0" mb="0" cb="0"/><counter type="INSTRUCTION" missed="30" covered="0"/><counter type="BRANCH" missed="2" covered="0"/><counter type="LINE" missed="13" covered="0"/><counter type="COMPLEXITY" missed="3" covered="0"/><counter type="METHOD" missed="2" covered="0"/><counter type="CLASS" missed="1" covered="0"/></sourcefile><counter type="INSTRUCTION" missed="30" covered="0"/><counter type="BRANCH" missed="2" covered="0"/><counter type="LINE" missed="13" covered="0"/><counter type="COMPLEXITY" missed="3" covered="0"/><counter type="METHOD" missed="2" covered="0"/><counter type="CLASS" missed="1" covered="0"/></package><counter type="INSTRUCTION" missed="30" covered="0"/><counter type="BRANCH" missed="2" covered="0"/><counter type="LINE" missed="13" covered="0"/><counter type="COMPLEXITY" missed="3" covered="0"/><counter type="METHOD" missed="2" covered="0"/><counter type="CLASS" missed="1" covered="0"/></report>