<?xml version="1.0" encoding="UTF-8" standalone="yes"?><!DOCTYPE report PUBLIC "-//JACOCO//DTD Report 1.0//EN" "report.dtd"><report name="d2pSpotify-AddSongPlaylist"><sessioninfo id="RebecaMolina-111f7331" start="1513853549106" dump="1513853549415"/><sessioninfo id="RebecaMolina-3af620b0" start="1513853842250" dump="1513853842715"/><sessioninfo id="RebecaMolina-a5a37a72" start="1513856833260" dump="1513856833644"/><sessioninfo id="RebecaMolina-1b952a63" start="1513857389508" dump="1513857389879"/><sessioninfo id="RebecaMolina-b57dabd4" start="1513858516832" dump="1513858517223"/><sessioninfo id="RebecaMolina-76234de3" start="1513860906202" dump="1513860906618"/><sessioninfo id="RebecaMolina-41422b7" start="1513861430153" dump="1513861430570"/><sessioninfo id="RebecaMolina-6b34ab22" start="1513861682617" dump="1513861682994"/><sessioninfo id="RebecaMolina-d3748629" start="1513862304926" dump="1513862305354"/><sessioninfo id="RebecaMolina-b0529644" start="1513870709876" dump="1513870710290"/><sessioninfo id="RebecaMolina-fe53da40" start="1513871195115" dump="1513871195495"/><sessioninfo id="RebecaMolina-7d8d01cb" start="1513871978632" dump="1513871979056"/><sessioninfo id="RebecaMolina-c65758e7" start="1513872798193" dump="1513872798576"/><sessioninfo id="RebecaMolina-bddbcc21" start="1513875283384" dump="1513875283804"/><sessioninfo id="RebecaMolina-6f651fa9" start="1513876003827" dump="1513876004205"/><sessioninfo id="RebecaMolina-d19edc12" start="1513876443061" dump="1513876443510"/><sessioninfo id="RebecaMolina-87526ba1" start="1513878334615" dump="1513878334992"/><sessioninfo id="RebecaMolina-babbb967" start="1513879688878" dump="1513879689260"/><sessioninfo id="RebecaMolina-3e3a5aaa" start="1513880228479" dump="1513880228943"/><sessioninfo id="RebecaMolina-8147d44c" start="1513880973626" dump="1513880974006"/><sessioninfo id="RebecaMolina-9848f3d4" start="1513881889809" dump="1513881890184"/><sessioninfo id="RebecaMolina-e4e0cb1f" start="1513883087964" dump="1513883088359"/><package name="com/drones2people/spotify/AddSongPlaylist/Presentacion"><class name="com/drones2people/spotify/AddSongPlaylist/Presentacion/gui"><method name="&lt;init&gt;" desc="()V" line="7"><counter type="INSTRUCTION" missed="3" covered="0"/><counter type="LINE" missed="1" covered="0"/><counter type="COMPLEXITY" missed="1" covered="0"/><counter type="METHOD" missed="1" covered="0"/></method><method name="main" desc="([Ljava/lang/String;)V" line="11"><counter type="INSTRUCTION" missed="33" covered="0"/><counter type="LINE" missed="10" covered="0"/><counter type="COMPLEXITY" missed="1" covered="0"/><counter type="METHOD" missed="1" covered="0"/></method><counter type="INSTRUCTION" missed="36" covered="0"/><counter type="LINE" missed="11" covered="0"/><counter type="COMPLEXITY" missed="2" covered="0"/><counter type="METHOD" missed="2" covered="0"/><counter type="CLASS" missed="1" covered="0"/></class><sourcefile name="gui.java"><line nr="7" mi="3" ci="0" mb="0" cb="0"/><line nr="11" mi="4" ci="0" mb="0" cb="0"/><line nr="12" mi="5" ci="0" mb="0" cb="0"/><line nr="13" mi="3" ci="0" mb="0" cb="0"/><line nr="14" mi="3" ci="0" mb="0" cb="0"/><line nr="15" mi="3" ci="0" mb="0" cb="0"/><line nr="16" mi="3" ci="0" mb="0" cb="0"/><line nr="17" mi="3" ci="0" mb="0" cb="0"/><line nr="18" mi="3" ci="0" mb="0" cb="0"/><line nr="19" mi="5" ci="0" mb="0" cb="0"/><line nr="20" mi="1" ci="0" mb="0" cb="0"/><counter type="INSTRUCTION" missed="36" covered="0"/><counter type="LINE" missed="11" covered="0"/><counter type="COMPLEXITY" missed="2" covered="0"/><counter type="METHOD" missed="2" covered="0"/><counter type="CLASS" missed="1" covered="0"/></sourcefile><counter type="INSTRUCTION" missed="36" covered="0"/><counter type="LINE" missed="11" covered="0"/><counter type="COMPLEXITY" missed="2" covered="0"/><counter type="METHOD" missed="2" covered="0"/><counter type="CLASS" missed="1" covered="0"/></package><package name="com/drones2people/spotify/AddSongPlaylist/Persistencia"><class name="com/drones2people/spotify/AddSongPlaylist/Persistencia/AddSongPlaylist"><method name="&lt;init&gt;" desc="()V" line="14"><counter type="INSTRUCTION" missed="3" covered="0"/><counter type="LINE" missed="1" covered="0"/><counter type="COMPLEXITY" missed="1" covered="0"/><counter type="METHOD" missed="1" covered="0"/></method><method name="AddSongPlaylist" desc="(Ljava/lang/String;ILjava/lang/String;)V" line="21"><counter type="INSTRUCTION" missed="40" covered="0"/><counter type="LINE" missed="8" covered="0"/><counter type="COMPLEXITY" missed="1" covered="0"/><counter type="METHOD" missed="1" covered="0"/></method><counter type="INSTRUCTION" missed="43" covered="0"/><counter type="LINE" missed="9" covered="0"/><counter type="COMPLEXITY" missed="2" covered="0"/><counter type="METHOD" missed="2" covered="0"/><counter type="CLASS" missed="1" covered="0"/></class><sourcefile name="AddSongPlaylist.java"><line nr="14" mi="3" ci="0" mb="0" cb="0"/><line nr="21" mi="7" ci="0" mb="0" cb="0"/><line nr="22" mi="2" ci="0" mb="0" cb="0"/><line nr="24" mi="7" ci="0" mb="0" cb="0"/><line nr="25" mi="5" ci="0" mb="0" cb="0"/><line nr="26" mi="7" ci="0" mb="0" cb="0"/><line nr="27" mi="7" ci="0" mb="0" cb="0"/><line nr="28" mi="4" ci="0" mb="0" cb="0"/><line nr="29" mi="1" ci="0" mb="0" cb="0"/><counter type="INSTRUCTION" missed="43" covered="0"/><counter type="LINE" missed="9" covered="0"/><counter type="COMPLEXITY" missed="2" covered="0"/><counter type="METHOD" missed="2" covered="0"/><counter type="CLASS" missed="1" covered="0"/></sourcefile><counter type="INSTRUCTION" missed="43" covered="0"/><counter type="LINE" missed="9" covered="0"/><counter type="COMPLEXITY" missed="2" covered="0"/><counter type="METHOD" missed="2" covered="0"/><counter type="CLASS" missed="1" covered="0"/></package><counter type="INSTRUCTION" missed="79" covered="0"/><counter type="LINE" missed="20" covered="0"/><counter type="COMPLEXITY" missed="4" covered="0"/><counter type="METHOD" missed="4" covered="0"/><counter type="CLASS" missed="2" covered="0"/></report>