<?xml version="1.0" encoding="UTF-8" standalone="yes"?><!DOCTYPE report PUBLIC "-//JACOCO//DTD Report 1.0//EN" "report.dtd"><report name="d2pSpotify-BorrarCancionPlaylist"><sessioninfo id="RebecaMolina-be887f7b" start="1513853548319" dump="1513853548570"/><sessioninfo id="RebecaMolina-8a0547ee" start="1513853831962" dump="1513853832248"/><sessioninfo id="RebecaMolina-74517639" start="1513856823500" dump="1513856823780"/><sessioninfo id="RebecaMolina-13ea3fc2" start="1513857380315" dump="1513857380588"/><sessioninfo id="RebecaMolina-f6e2326f" start="1513858507180" dump="1513858507450"/><sessioninfo id="RebecaMolina-a49d8420" start="1513860896139" dump="1513860896431"/><sessioninfo id="RebecaMolina-c538525d" start="1513861420935" dump="1513861421214"/><sessioninfo id="RebecaMolina-419a5058" start="1513861673449" dump="1513861673744"/><sessioninfo id="RebecaMolina-cec5ac5a" start="1513862295633" dump="1513862295908"/><sessioninfo id="RebecaMolina-d2d0b688" start="1513870699996" dump="1513870700333"/><sessioninfo id="RebecaMolina-9a3864ab" start="1513871185441" dump="1513871185721"/><sessioninfo id="RebecaMolina-51b0feb2" start="1513871968933" dump="1513871969232"/><sessioninfo id="RebecaMolina-543788fc" start="1513872788682" dump="1513872788975"/><sessioninfo id="RebecaMolina-8077840a" start="1513875272521" dump="1513875272804"/><sessioninfo id="RebecaMolina-feac2899" start="1513875994708" dump="1513875994980"/><sessioninfo id="RebecaMolina-e21e2f6d" start="1513876433465" dump="1513876433755"/><sessioninfo id="RebecaMolina-9c1a56e5" start="1513878325555" dump="1513878325838"/><sessioninfo id="RebecaMolina-418016dc" start="1513879679199" dump="1513879679492"/><sessioninfo id="RebecaMolina-db60410e" start="1513880218892" dump="1513880219173"/><sessioninfo id="RebecaMolina-4cfcf679" start="1513880964390" dump="1513880964677"/><sessioninfo id="RebecaMolina-e09d62ff" start="1513881879675" dump="1513881879955"/><sessioninfo id="RebecaMolina-f4dd8059" start="1513883078065" dump="1513883078343"/><package name="com/drones2people/spotify/BorrarCancionPlaylist"><class name="com/drones2people/spotify/BorrarCancionPlaylist/BorrarCancionPlaylist"><method name="&lt;init&gt;" desc="()V" line="13"><counter type="INSTRUCTION" missed="3" covered="0"/><counter type="LINE" missed="1" covered="0"/><counter type="COMPLEXITY" missed="1" covered="0"/><counter type="METHOD" missed="1" covered="0"/></method><method name="BorrarCancionP" desc="(Lcom/drones2people/spotify/crearplaylist/dominio/PlayList;)V" line="18"><counter type="INSTRUCTION" missed="34" covered="0"/><counter type="LINE" missed="7" covered="0"/><counter type="COMPLEXITY" missed="1" covered="0"/><counter type="METHOD" missed="1" covered="0"/></method><counter type="INSTRUCTION" missed="37" covered="0"/><counter type="LINE" missed="8" covered="0"/><counter type="COMPLEXITY" missed="2" covered="0"/><counter type="METHOD" missed="2" covered="0"/><counter type="CLASS" missed="1" covered="0"/></class><sourcefile name="BorrarCancionPlaylist.java"><line nr="13" mi="3" ci="0" mb="0" cb="0"/><line nr="18" mi="18" ci="0" mb="0" cb="0"/><line nr="20" mi="7" ci="0" mb="0" cb="0"/><line nr="21" mi="4" ci="0" mb="0" cb="0"/><line nr="22" mi="1" ci="0" mb="0" cb="0"/><line nr="23" mi="2" ci="0" mb="0" cb="0"/><line nr="24" mi="1" ci="0" mb="0" cb="0"/><line nr="26" mi="1" ci="0" mb="0" cb="0"/><counter type="INSTRUCTION" missed="37" covered="0"/><counter type="LINE" missed="8" covered="0"/><counter type="COMPLEXITY" missed="2" covered="0"/><counter type="METHOD" missed="2" covered="0"/><counter type="CLASS" missed="1" covered="0"/></sourcefile><counter type="INSTRUCTION" missed="37" covered="0"/><counter type="LINE" missed="8" covered="0"/><counter type="COMPLEXITY" missed="2" covered="0"/><counter type="METHOD" missed="2" covered="0"/><counter type="CLASS" missed="1" covered="0"/></package><counter type="INSTRUCTION" missed="37" covered="0"/><counter type="LINE" missed="8" covered="0"/><counter type="COMPLEXITY" missed="2" covered="0"/><counter type="METHOD" missed="2" covered="0"/><counter type="CLASS" missed="1" covered="0"/></report>